mode: set
github.com/gonzalezlrjesus/multiply-matrices/multiply.go:8.101,9.34 1 1
github.com/gonzalezlrjesus/multiply-matrices/multiply.go:9.34,10.35 1 1
github.com/gonzalezlrjesus/multiply-matrices/multiply.go:10.35,12.36 2 1
github.com/gonzalezlrjesus/multiply-matrices/multiply.go:16.4,16.26 1 1
github.com/gonzalezlrjesus/multiply-matrices/multiply.go:12.36,14.5 1 1
github.com/gonzalezlrjesus/multiply-matrices/multiply.go:22.100,25.34 2 1
github.com/gonzalezlrjesus/multiply-matrices/multiply.go:41.2,41.11 1 1
github.com/gonzalezlrjesus/multiply-matrices/multiply.go:25.34,28.18 2 1
github.com/gonzalezlrjesus/multiply-matrices/multiply.go:28.18,31.36 2 1
github.com/gonzalezlrjesus/multiply-matrices/multiply.go:31.36,33.37 2 1
github.com/gonzalezlrjesus/multiply-matrices/multiply.go:37.5,37.27 1 1
github.com/gonzalezlrjesus/multiply-matrices/multiply.go:33.37,35.6 1 1
github.com/gonzalezlrjesus/multiply-matrices/multiply.go:45.104,48.34 2 1
github.com/gonzalezlrjesus/multiply-matrices/multiply.go:64.2,64.11 1 1
github.com/gonzalezlrjesus/multiply-matrices/multiply.go:48.34,49.35 1 1
github.com/gonzalezlrjesus/multiply-matrices/multiply.go:49.35,52.22 2 1
github.com/gonzalezlrjesus/multiply-matrices/multiply.go:52.22,56.37 3 1
github.com/gonzalezlrjesus/multiply-matrices/multiply.go:60.5,60.27 1 1
github.com/gonzalezlrjesus/multiply-matrices/multiply.go:56.37,58.6 1 1
github.com/gonzalezlrjesus/multiply-matrices/readfiles.go:12.77,14.27 2 1
github.com/gonzalezlrjesus/multiply-matrices/readfiles.go:18.2,19.27 2 1
github.com/gonzalezlrjesus/multiply-matrices/readfiles.go:23.2,24.34 2 1
github.com/gonzalezlrjesus/multiply-matrices/readfiles.go:28.2,29.16 2 1
github.com/gonzalezlrjesus/multiply-matrices/readfiles.go:33.2,42.21 6 1
github.com/gonzalezlrjesus/multiply-matrices/readfiles.go:100.2,100.38 1 1
github.com/gonzalezlrjesus/multiply-matrices/readfiles.go:104.2,104.41 1 1
github.com/gonzalezlrjesus/multiply-matrices/readfiles.go:14.27,16.3 1 1
github.com/gonzalezlrjesus/multiply-matrices/readfiles.go:19.27,21.3 1 1
github.com/gonzalezlrjesus/multiply-matrices/readfiles.go:24.34,26.3 1 1
github.com/gonzalezlrjesus/multiply-matrices/readfiles.go:29.16,31.3 1 0
github.com/gonzalezlrjesus/multiply-matrices/readfiles.go:42.21,43.32 1 1
github.com/gonzalezlrjesus/multiply-matrices/readfiles.go:49.3,49.32 1 1
github.com/gonzalezlrjesus/multiply-matrices/readfiles.go:56.3,56.33 1 1
github.com/gonzalezlrjesus/multiply-matrices/readfiles.go:63.3,63.24 1 1
github.com/gonzalezlrjesus/multiply-matrices/readfiles.go:43.32,46.12 2 1
github.com/gonzalezlrjesus/multiply-matrices/readfiles.go:49.32,53.12 3 1
github.com/gonzalezlrjesus/multiply-matrices/readfiles.go:56.33,60.12 3 1
github.com/gonzalezlrjesus/multiply-matrices/readfiles.go:64.16,65.59 1 1
github.com/gonzalezlrjesus/multiply-matrices/readfiles.go:74.4,74.13 1 1
github.com/gonzalezlrjesus/multiply-matrices/readfiles.go:75.16,76.59 1 1
github.com/gonzalezlrjesus/multiply-matrices/readfiles.go:85.4,85.13 1 1
github.com/gonzalezlrjesus/multiply-matrices/readfiles.go:86.17,87.59 1 1
github.com/gonzalezlrjesus/multiply-matrices/readfiles.go:96.4,96.13 1 1
github.com/gonzalezlrjesus/multiply-matrices/readfiles.go:65.59,67.27 2 1
github.com/gonzalezlrjesus/multiply-matrices/readfiles.go:71.5,71.40 1 1
github.com/gonzalezlrjesus/multiply-matrices/readfiles.go:67.27,69.6 1 0
github.com/gonzalezlrjesus/multiply-matrices/readfiles.go:76.59,78.27 2 1
github.com/gonzalezlrjesus/multiply-matrices/readfiles.go:82.5,82.40 1 1
github.com/gonzalezlrjesus/multiply-matrices/readfiles.go:78.27,80.6 1 0
github.com/gonzalezlrjesus/multiply-matrices/readfiles.go:87.59,89.27 2 1
github.com/gonzalezlrjesus/multiply-matrices/readfiles.go:93.5,93.47 1 1
github.com/gonzalezlrjesus/multiply-matrices/readfiles.go:89.27,91.6 1 0
github.com/gonzalezlrjesus/multiply-matrices/readfiles.go:100.38,102.3 1 0
